2022-05-09T07:10:30.555820228Z stderr F Traceback (most recent call last):
2022-05-09T07:10:30.555905185Z stderr F   File "/usr/local/lib/python3.9/site-packages/pymysql/connections.py", line 613, in connect
2022-05-09T07:10:30.56786809Z stderr F     sock = socket.create_connection(
2022-05-09T07:10:30.56793181Z stderr F   File "/usr/local/lib/python3.9/socket.py", line 844, in create_connection
2022-05-09T07:10:30.569042364Z stderr F     raise err
2022-05-09T07:10:30.569082248Z stderr F   File "/usr/local/lib/python3.9/socket.py", line 832, in create_connection
2022-05-09T07:10:30.572007369Z stderr F     sock.connect(sa)
2022-05-09T07:10:30.578076427Z stderr F ConnectionRefusedError: [Errno 111] Connection refused
2022-05-09T07:10:30.602729892Z stderr F 
2022-05-09T07:10:30.602794417Z stderr F During handling of the above exception, another exception occurred:
2022-05-09T07:10:30.602808714Z stderr F 
2022-05-09T07:10:30.602821009Z stderr F Traceback (most recent call last):
2022-05-09T07:10:30.602836075Z stderr F   File "/app/server.py", line 152, in <module>
2022-05-09T07:10:30.603005393Z stderr F     initDatabase()
2022-05-09T07:10:30.613704227Z stderr F   File "/app/server.py", line 111, in initDatabase
2022-05-09T07:10:30.613779409Z stderr F     connect = pymysql.connect(**config)
2022-05-09T07:10:30.620461075Z stderr F   File "/usr/local/lib/python3.9/site-packages/pymysql/connections.py", line 353, in __init__
2022-05-09T07:10:30.621629074Z stderr F     self.connect()
2022-05-09T07:10:30.622054215Z stderr F   File "/usr/local/lib/python3.9/site-packages/pymysql/connections.py", line 664, in connect
2022-05-09T07:10:30.626741282Z stderr F     raise exc
2022-05-09T07:10:30.626796737Z stderr F pymysql.err.OperationalError: (2003, "Can't connect to MySQL server on 'ts-voucher-mysql' ([Errno 111] Connection refused)")
